2024-01-09 15:20:09.413 INFO  [background-preinit] [o.h.validator.internal.util.Version] - HV000001: Hibernate Validator 8.0.1.Final
2024-01-09 15:20:09.446 INFO  [restartedMain] [me.jwttutorial.MeApplication] - Starting MeApplication using Java 17.0.8 with PID 5197 (/Users/otaehun/Desktop/프로젝트/me/build/classes/java/main started by otaehun in /Users/otaehun/Desktop/프로젝트/me)
2024-01-09 15:20:09.447 INFO  [restartedMain] [me.jwttutorial.MeApplication] - No active profile set, falling back to 1 default profile: "default"
2024-01-09 15:20:09.501 INFO  [restartedMain] [o.s.b.d.e.DevToolsPropertyDefaultsPostProcessor] - Devtools property defaults active! Set 'spring.devtools.add-properties' to 'false' to disable
2024-01-09 15:20:09.501 INFO  [restartedMain] [o.s.b.d.e.DevToolsPropertyDefaultsPostProcessor] - For additional web related logging consider setting the 'logging.level.web' property to 'DEBUG'
2024-01-09 15:20:10.332 INFO  [restartedMain] [o.s.d.r.c.RepositoryConfigurationDelegate] - Bootstrapping Spring Data JPA repositories in DEFAULT mode.
2024-01-09 15:20:10.352 INFO  [restartedMain] [o.s.d.r.c.RepositoryConfigurationDelegate] - Finished Spring Data repository scanning in 16 ms. Found 0 JPA repository interfaces.
2024-01-09 15:20:10.912 INFO  [restartedMain] [o.s.b.w.embedded.tomcat.TomcatWebServer] - Tomcat initialized with port 8085 (http)
2024-01-09 15:20:10.919 INFO  [restartedMain] [o.apache.coyote.http11.Http11NioProtocol] - Initializing ProtocolHandler ["http-nio-8085"]
2024-01-09 15:20:10.920 INFO  [restartedMain] [o.apache.catalina.core.StandardService] - Starting service [Tomcat]
2024-01-09 15:20:10.921 INFO  [restartedMain] [org.apache.catalina.core.StandardEngine] - Starting Servlet engine: [Apache Tomcat/10.1.17]
2024-01-09 15:20:10.959 INFO  [restartedMain] [o.a.c.c.C.[Tomcat].[localhost].[/]] - Initializing Spring embedded WebApplicationContext
2024-01-09 15:20:10.960 INFO  [restartedMain] [o.s.b.w.s.c.ServletWebServerApplicationContext] - Root WebApplicationContext: initialization completed in 1459 ms
2024-01-09 15:20:11.002 INFO  [restartedMain] [com.zaxxer.hikari.HikariDataSource] - HikariPool-1 - Starting...
2024-01-09 15:20:11.162 INFO  [restartedMain] [com.zaxxer.hikari.pool.HikariPool] - HikariPool-1 - Added connection conn0: url=jdbc:h2:mem:85c0ecdc-2ca1-4049-8953-c2f065e2746f user=SA
2024-01-09 15:20:11.166 INFO  [restartedMain] [com.zaxxer.hikari.HikariDataSource] - HikariPool-1 - Start completed.
2024-01-09 15:20:11.192 INFO  [restartedMain] [o.s.b.a.h2.H2ConsoleAutoConfiguration] - H2 console available at '/h2-console'. Database available at 'jdbc:h2:mem:85c0ecdc-2ca1-4049-8953-c2f065e2746f'
2024-01-09 15:20:11.321 INFO  [restartedMain] [o.hibernate.jpa.internal.util.LogHelper] - HHH000204: Processing PersistenceUnitInfo [name: default]
2024-01-09 15:20:11.356 INFO  [restartedMain] [org.hibernate.Version] - HHH000412: Hibernate ORM core version 6.4.1.Final
2024-01-09 15:20:11.381 INFO  [restartedMain] [o.h.c.internal.RegionFactoryInitiator] - HHH000026: Second-level cache disabled
2024-01-09 15:20:11.539 INFO  [restartedMain] [o.s.o.j.p.SpringPersistenceUnitInfo] - No LoadTimeWeaver setup: ignoring JPA class transformer
2024-01-09 15:20:12.205 INFO  [restartedMain] [o.h.e.t.j.p.i.JtaPlatformInitiator] - HHH000489: No JTA platform available (set 'hibernate.transaction.jta.platform' to enable JTA platform integration)
2024-01-09 15:20:12.285 INFO  [restartedMain] [o.s.o.j.LocalContainerEntityManagerFactoryBean] - Initialized JPA EntityManagerFactory for persistence unit 'default'
2024-01-09 15:20:12.364 WARN  [restartedMain] [o.s.b.a.o.j.JpaBaseConfiguration$JpaWebConfiguration] - spring.jpa.open-in-view is enabled by default. Therefore, database queries may be performed during view rendering. Explicitly configure spring.jpa.open-in-view to disable this warning
2024-01-09 15:20:12.386 WARN  [restartedMain] [o.s.b.a.s.s.UserDetailsServiceAutoConfiguration] - 

Using generated security password: 3ec2cac1-0446-434b-87e6-caeb60642e3a

This generated password is for development use only. Your security configuration must be updated before running your application in production.

2024-01-09 15:20:12.626 INFO  [restartedMain] [o.s.s.web.DefaultSecurityFilterChain] - Will secure any request with [org.springframework.security.web.session.DisableEncodeUrlFilter@d355958, org.springframework.security.web.context.request.async.WebAsyncManagerIntegrationFilter@3a5b9abf, org.springframework.security.web.context.SecurityContextHolderFilter@1ae7a346, org.springframework.security.web.header.HeaderWriterFilter@366bb7ac, org.springframework.web.filter.CorsFilter@4bc65c99, org.springframework.security.web.csrf.CsrfFilter@3a4e143a, org.springframework.security.web.authentication.logout.LogoutFilter@b2bf461, org.springframework.security.web.savedrequest.RequestCacheAwareFilter@276d132c, org.springframework.security.web.servletapi.SecurityContextHolderAwareRequestFilter@39bb28c3, org.springframework.security.web.authentication.AnonymousAuthenticationFilter@78981203, org.springframework.security.web.access.ExceptionTranslationFilter@36e41136, org.springframework.security.web.access.intercept.AuthorizationFilter@2d035b4a]
2024-01-09 15:20:12.639 WARN  [restartedMain] [o.s.s.c.a.web.builders.WebSecurity] - You are asking Spring Security to ignore Ant [pattern='/h2-console/**']. This is not recommended -- please use permitAll via HttpSecurity#authorizeHttpRequests instead.
2024-01-09 15:20:12.639 INFO  [restartedMain] [o.s.s.web.DefaultSecurityFilterChain] - Will not secure Ant [pattern='/h2-console/**']
2024-01-09 15:20:12.640 WARN  [restartedMain] [o.s.s.c.a.web.builders.WebSecurity] - You are asking Spring Security to ignore Ant [pattern='/favicon.ico']. This is not recommended -- please use permitAll via HttpSecurity#authorizeHttpRequests instead.
2024-01-09 15:20:12.640 INFO  [restartedMain] [o.s.s.web.DefaultSecurityFilterChain] - Will not secure Ant [pattern='/favicon.ico']
2024-01-09 15:20:12.831 INFO  [restartedMain] [o.s.b.d.a.OptionalLiveReloadServer] - LiveReload server is running on port 35729
2024-01-09 15:20:12.855 INFO  [restartedMain] [o.apache.coyote.http11.Http11NioProtocol] - Starting ProtocolHandler ["http-nio-8085"]
2024-01-09 15:20:12.872 INFO  [restartedMain] [o.s.b.w.embedded.tomcat.TomcatWebServer] - Tomcat started on port 8085 (http) with context path ''
2024-01-09 15:20:12.886 INFO  [restartedMain] [me.jwttutorial.MeApplication] - Started MeApplication in 3.846 seconds (process running for 4.878)
2024-01-09 15:20:41.573 INFO  [http-nio-8085-exec-1] [o.a.c.c.C.[Tomcat].[localhost].[/]] - Initializing Spring DispatcherServlet 'dispatcherServlet'
2024-01-09 15:20:41.574 INFO  [http-nio-8085-exec-1] [o.s.web.servlet.DispatcherServlet] - Initializing Servlet 'dispatcherServlet'
2024-01-09 15:20:41.578 INFO  [http-nio-8085-exec-1] [o.s.web.servlet.DispatcherServlet] - Completed initialization in 4 ms
2024-01-09 15:22:33.803 INFO  [SpringApplicationShutdownHook] [o.s.o.j.LocalContainerEntityManagerFactoryBean] - Closing JPA EntityManagerFactory for persistence unit 'default'
2024-01-09 15:22:33.827 WARN  [SpringApplicationShutdownHook] [o.s.b.f.support.DisposableBeanAdapter] - Invocation of destroy method failed on bean with name 'inMemoryDatabaseShutdownExecutor': org.h2.jdbc.JdbcSQLNonTransientConnectionException: Database is already closed (to disable automatic closing at VM shutdown, add ";DB_CLOSE_ON_EXIT=FALSE" to the db URL) [90121-224]
2024-01-09 15:22:33.828 INFO  [SpringApplicationShutdownHook] [com.zaxxer.hikari.HikariDataSource] - HikariPool-1 - Shutdown initiated...
2024-01-09 15:22:33.831 INFO  [SpringApplicationShutdownHook] [com.zaxxer.hikari.HikariDataSource] - HikariPool-1 - Shutdown completed.
2024-01-09 15:22:37.923 INFO  [background-preinit] [o.h.validator.internal.util.Version] - HV000001: Hibernate Validator 8.0.1.Final
2024-01-09 15:22:37.960 INFO  [restartedMain] [me.jwttutorial.MeApplication] - Starting MeApplication using Java 17.0.8 with PID 5313 (/Users/otaehun/Desktop/프로젝트/me/build/classes/java/main started by otaehun in /Users/otaehun/Desktop/프로젝트/me)
2024-01-09 15:22:37.961 INFO  [restartedMain] [me.jwttutorial.MeApplication] - No active profile set, falling back to 1 default profile: "default"
2024-01-09 15:22:38.006 INFO  [restartedMain] [o.s.b.d.e.DevToolsPropertyDefaultsPostProcessor] - Devtools property defaults active! Set 'spring.devtools.add-properties' to 'false' to disable
2024-01-09 15:22:38.006 INFO  [restartedMain] [o.s.b.d.e.DevToolsPropertyDefaultsPostProcessor] - For additional web related logging consider setting the 'logging.level.web' property to 'DEBUG'
2024-01-09 15:22:38.825 INFO  [restartedMain] [o.s.d.r.c.RepositoryConfigurationDelegate] - Bootstrapping Spring Data JPA repositories in DEFAULT mode.
2024-01-09 15:22:38.843 INFO  [restartedMain] [o.s.d.r.c.RepositoryConfigurationDelegate] - Finished Spring Data repository scanning in 13 ms. Found 0 JPA repository interfaces.
2024-01-09 15:22:39.401 INFO  [restartedMain] [o.s.b.w.embedded.tomcat.TomcatWebServer] - Tomcat initialized with port 8085 (http)
2024-01-09 15:22:39.408 INFO  [restartedMain] [o.apache.coyote.http11.Http11NioProtocol] - Initializing ProtocolHandler ["http-nio-8085"]
2024-01-09 15:22:39.410 INFO  [restartedMain] [o.apache.catalina.core.StandardService] - Starting service [Tomcat]
2024-01-09 15:22:39.410 INFO  [restartedMain] [org.apache.catalina.core.StandardEngine] - Starting Servlet engine: [Apache Tomcat/10.1.17]
2024-01-09 15:22:39.452 INFO  [restartedMain] [o.a.c.c.C.[Tomcat].[localhost].[/]] - Initializing Spring embedded WebApplicationContext
2024-01-09 15:22:39.452 INFO  [restartedMain] [o.s.b.w.s.c.ServletWebServerApplicationContext] - Root WebApplicationContext: initialization completed in 1446 ms
2024-01-09 15:22:39.485 INFO  [restartedMain] [com.zaxxer.hikari.HikariDataSource] - HikariPool-1 - Starting...
2024-01-09 15:22:39.635 INFO  [restartedMain] [com.zaxxer.hikari.pool.HikariPool] - HikariPool-1 - Added connection conn0: url=jdbc:h2:mem:testdb user=SA
2024-01-09 15:22:39.640 INFO  [restartedMain] [com.zaxxer.hikari.HikariDataSource] - HikariPool-1 - Start completed.
2024-01-09 15:22:39.667 INFO  [restartedMain] [o.s.b.a.h2.H2ConsoleAutoConfiguration] - H2 console available at '/h2-console'. Database available at 'jdbc:h2:mem:testdb'
2024-01-09 15:22:39.812 INFO  [restartedMain] [o.hibernate.jpa.internal.util.LogHelper] - HHH000204: Processing PersistenceUnitInfo [name: default]
2024-01-09 15:22:39.850 INFO  [restartedMain] [org.hibernate.Version] - HHH000412: Hibernate ORM core version 6.4.1.Final
2024-01-09 15:22:39.873 INFO  [restartedMain] [o.h.c.internal.RegionFactoryInitiator] - HHH000026: Second-level cache disabled
2024-01-09 15:22:40.059 INFO  [restartedMain] [o.s.o.j.p.SpringPersistenceUnitInfo] - No LoadTimeWeaver setup: ignoring JPA class transformer
2024-01-09 15:22:40.098 WARN  [restartedMain] [org.hibernate.orm.deprecation] - HHH90000025: H2Dialect does not need to be specified explicitly using 'hibernate.dialect' (remove the property setting and it will be selected by default)
2024-01-09 15:22:40.709 INFO  [restartedMain] [o.h.e.t.j.p.i.JtaPlatformInitiator] - HHH000489: No JTA platform available (set 'hibernate.transaction.jta.platform' to enable JTA platform integration)
2024-01-09 15:22:40.745 INFO  [restartedMain] [o.s.o.j.LocalContainerEntityManagerFactoryBean] - Initialized JPA EntityManagerFactory for persistence unit 'default'
2024-01-09 15:22:40.812 WARN  [restartedMain] [o.s.b.a.o.j.JpaBaseConfiguration$JpaWebConfiguration] - spring.jpa.open-in-view is enabled by default. Therefore, database queries may be performed during view rendering. Explicitly configure spring.jpa.open-in-view to disable this warning
2024-01-09 15:22:40.831 WARN  [restartedMain] [o.s.b.a.s.s.UserDetailsServiceAutoConfiguration] - 

Using generated security password: 6f69d75c-25c2-4f00-97e9-662502b6afba

This generated password is for development use only. Your security configuration must be updated before running your application in production.

2024-01-09 15:22:41.057 INFO  [restartedMain] [o.s.s.web.DefaultSecurityFilterChain] - Will secure any request with [org.springframework.security.web.session.DisableEncodeUrlFilter@1e550f56, org.springframework.security.web.context.request.async.WebAsyncManagerIntegrationFilter@618b8ffd, org.springframework.security.web.context.SecurityContextHolderFilter@449d63a6, org.springframework.security.web.header.HeaderWriterFilter@45f779da, org.springframework.web.filter.CorsFilter@31eb19f2, org.springframework.security.web.csrf.CsrfFilter@521c5a9d, org.springframework.security.web.authentication.logout.LogoutFilter@a7c2076, org.springframework.security.web.savedrequest.RequestCacheAwareFilter@4f62955f, org.springframework.security.web.servletapi.SecurityContextHolderAwareRequestFilter@473d2f17, org.springframework.security.web.authentication.AnonymousAuthenticationFilter@dac43a4, org.springframework.security.web.access.ExceptionTranslationFilter@3dd37dc6, org.springframework.security.web.access.intercept.AuthorizationFilter@62f3aa53]
2024-01-09 15:22:41.066 WARN  [restartedMain] [o.s.s.c.a.web.builders.WebSecurity] - You are asking Spring Security to ignore Ant [pattern='/h2-console/**']. This is not recommended -- please use permitAll via HttpSecurity#authorizeHttpRequests instead.
2024-01-09 15:22:41.066 INFO  [restartedMain] [o.s.s.web.DefaultSecurityFilterChain] - Will not secure Ant [pattern='/h2-console/**']
2024-01-09 15:22:41.066 WARN  [restartedMain] [o.s.s.c.a.web.builders.WebSecurity] - You are asking Spring Security to ignore Ant [pattern='/favicon.ico']. This is not recommended -- please use permitAll via HttpSecurity#authorizeHttpRequests instead.
2024-01-09 15:22:41.066 INFO  [restartedMain] [o.s.s.web.DefaultSecurityFilterChain] - Will not secure Ant [pattern='/favicon.ico']
2024-01-09 15:22:41.286 INFO  [restartedMain] [o.s.b.d.a.OptionalLiveReloadServer] - LiveReload server is running on port 35729
2024-01-09 15:22:41.306 INFO  [restartedMain] [o.apache.coyote.http11.Http11NioProtocol] - Starting ProtocolHandler ["http-nio-8085"]
2024-01-09 15:22:41.323 INFO  [restartedMain] [o.s.b.w.embedded.tomcat.TomcatWebServer] - Tomcat started on port 8085 (http) with context path ''
2024-01-09 15:22:41.334 INFO  [restartedMain] [me.jwttutorial.MeApplication] - Started MeApplication in 3.758 seconds (process running for 4.881)
2024-01-09 15:22:49.761 INFO  [http-nio-8085-exec-7] [o.a.c.c.C.[Tomcat].[localhost].[/]] - Initializing Spring DispatcherServlet 'dispatcherServlet'
2024-01-09 15:22:49.763 INFO  [http-nio-8085-exec-7] [o.s.web.servlet.DispatcherServlet] - Initializing Servlet 'dispatcherServlet'
2024-01-09 15:22:49.768 INFO  [http-nio-8085-exec-7] [o.s.web.servlet.DispatcherServlet] - Completed initialization in 5 ms
2024-01-09 15:23:47.410 INFO  [SpringApplicationShutdownHook] [o.s.o.j.LocalContainerEntityManagerFactoryBean] - Closing JPA EntityManagerFactory for persistence unit 'default'
2024-01-09 15:23:47.422 WARN  [SpringApplicationShutdownHook] [o.s.b.f.support.DisposableBeanAdapter] - Invocation of destroy method failed on bean with name 'inMemoryDatabaseShutdownExecutor': org.h2.jdbc.JdbcSQLNonTransientConnectionException: Database is already closed (to disable automatic closing at VM shutdown, add ";DB_CLOSE_ON_EXIT=FALSE" to the db URL) [90121-224]
2024-01-09 15:23:47.422 INFO  [SpringApplicationShutdownHook] [com.zaxxer.hikari.HikariDataSource] - HikariPool-1 - Shutdown initiated...
2024-01-09 15:23:47.425 INFO  [SpringApplicationShutdownHook] [com.zaxxer.hikari.HikariDataSource] - HikariPool-1 - Shutdown completed.
2024-01-09 15:23:50.304 INFO  [background-preinit] [o.h.validator.internal.util.Version] - HV000001: Hibernate Validator 8.0.1.Final
2024-01-09 15:23:50.335 INFO  [restartedMain] [me.jwttutorial.MeApplication] - Starting MeApplication using Java 17.0.8 with PID 5358 (/Users/otaehun/Desktop/프로젝트/me/build/classes/java/main started by otaehun in /Users/otaehun/Desktop/프로젝트/me)
2024-01-09 15:23:50.336 INFO  [restartedMain] [me.jwttutorial.MeApplication] - No active profile set, falling back to 1 default profile: "default"
2024-01-09 15:23:50.387 INFO  [restartedMain] [o.s.b.d.e.DevToolsPropertyDefaultsPostProcessor] - Devtools property defaults active! Set 'spring.devtools.add-properties' to 'false' to disable
2024-01-09 15:23:50.387 INFO  [restartedMain] [o.s.b.d.e.DevToolsPropertyDefaultsPostProcessor] - For additional web related logging consider setting the 'logging.level.web' property to 'DEBUG'
2024-01-09 15:23:51.181 INFO  [restartedMain] [o.s.d.r.c.RepositoryConfigurationDelegate] - Bootstrapping Spring Data JPA repositories in DEFAULT mode.
2024-01-09 15:23:51.201 INFO  [restartedMain] [o.s.d.r.c.RepositoryConfigurationDelegate] - Finished Spring Data repository scanning in 15 ms. Found 0 JPA repository interfaces.
2024-01-09 15:23:51.743 INFO  [restartedMain] [o.s.b.w.embedded.tomcat.TomcatWebServer] - Tomcat initialized with port 8085 (http)
2024-01-09 15:23:51.750 INFO  [restartedMain] [o.apache.coyote.http11.Http11NioProtocol] - Initializing ProtocolHandler ["http-nio-8085"]
2024-01-09 15:23:51.751 INFO  [restartedMain] [o.apache.catalina.core.StandardService] - Starting service [Tomcat]
2024-01-09 15:23:51.751 INFO  [restartedMain] [org.apache.catalina.core.StandardEngine] - Starting Servlet engine: [Apache Tomcat/10.1.17]
2024-01-09 15:23:51.790 INFO  [restartedMain] [o.a.c.c.C.[Tomcat].[localhost].[/]] - Initializing Spring embedded WebApplicationContext
2024-01-09 15:23:51.791 INFO  [restartedMain] [o.s.b.w.s.c.ServletWebServerApplicationContext] - Root WebApplicationContext: initialization completed in 1403 ms
2024-01-09 15:23:51.821 INFO  [restartedMain] [com.zaxxer.hikari.HikariDataSource] - HikariPool-1 - Starting...
2024-01-09 15:23:51.971 INFO  [restartedMain] [com.zaxxer.hikari.pool.HikariPool] - HikariPool-1 - Added connection conn0: url=jdbc:h2:mem:testdb user=SA
2024-01-09 15:23:51.975 INFO  [restartedMain] [com.zaxxer.hikari.HikariDataSource] - HikariPool-1 - Start completed.
2024-01-09 15:23:52.002 INFO  [restartedMain] [o.s.b.a.h2.H2ConsoleAutoConfiguration] - H2 console available at '/h2-console'. Database available at 'jdbc:h2:mem:testdb'
2024-01-09 15:23:52.143 INFO  [restartedMain] [o.hibernate.jpa.internal.util.LogHelper] - HHH000204: Processing PersistenceUnitInfo [name: default]
2024-01-09 15:23:52.176 INFO  [restartedMain] [org.hibernate.Version] - HHH000412: Hibernate ORM core version 6.4.1.Final
2024-01-09 15:23:52.196 INFO  [restartedMain] [o.h.c.internal.RegionFactoryInitiator] - HHH000026: Second-level cache disabled
2024-01-09 15:23:52.342 INFO  [restartedMain] [o.s.o.j.p.SpringPersistenceUnitInfo] - No LoadTimeWeaver setup: ignoring JPA class transformer
2024-01-09 15:23:52.371 WARN  [restartedMain] [org.hibernate.orm.deprecation] - HHH90000025: H2Dialect does not need to be specified explicitly using 'hibernate.dialect' (remove the property setting and it will be selected by default)
2024-01-09 15:23:52.958 INFO  [restartedMain] [o.h.e.t.j.p.i.JtaPlatformInitiator] - HHH000489: No JTA platform available (set 'hibernate.transaction.jta.platform' to enable JTA platform integration)
2024-01-09 15:23:52.992 INFO  [restartedMain] [o.s.o.j.LocalContainerEntityManagerFactoryBean] - Initialized JPA EntityManagerFactory for persistence unit 'default'
2024-01-09 15:23:53.050 WARN  [restartedMain] [o.s.b.a.o.j.JpaBaseConfiguration$JpaWebConfiguration] - spring.jpa.open-in-view is enabled by default. Therefore, database queries may be performed during view rendering. Explicitly configure spring.jpa.open-in-view to disable this warning
2024-01-09 15:23:53.074 WARN  [restartedMain] [o.s.b.a.s.s.UserDetailsServiceAutoConfiguration] - 

Using generated security password: c692d6fd-4eef-4e47-af1c-88511131d845

This generated password is for development use only. Your security configuration must be updated before running your application in production.

2024-01-09 15:23:53.351 INFO  [restartedMain] [o.s.s.web.DefaultSecurityFilterChain] - Will secure any request with [org.springframework.security.web.session.DisableEncodeUrlFilter@2788c8eb, org.springframework.security.web.context.request.async.WebAsyncManagerIntegrationFilter@1a4fed71, org.springframework.security.web.context.SecurityContextHolderFilter@1de06a0c, org.springframework.security.web.header.HeaderWriterFilter@231c33c8, org.springframework.web.filter.CorsFilter@71d56c97, org.springframework.security.web.csrf.CsrfFilter@18d657d4, org.springframework.security.web.authentication.logout.LogoutFilter@5e7a8fd6, org.springframework.security.web.savedrequest.RequestCacheAwareFilter@1ddfc9c5, org.springframework.security.web.servletapi.SecurityContextHolderAwareRequestFilter@4e5cdfa, org.springframework.security.web.authentication.AnonymousAuthenticationFilter@339f1df, org.springframework.security.web.access.ExceptionTranslationFilter@2e8f8386, org.springframework.security.web.access.intercept.AuthorizationFilter@27234b20]
2024-01-09 15:23:53.367 WARN  [restartedMain] [o.s.s.c.a.web.builders.WebSecurity] - You are asking Spring Security to ignore Ant [pattern='/h2-console/**']. This is not recommended -- please use permitAll via HttpSecurity#authorizeHttpRequests instead.
2024-01-09 15:23:53.368 INFO  [restartedMain] [o.s.s.web.DefaultSecurityFilterChain] - Will not secure Ant [pattern='/h2-console/**']
2024-01-09 15:23:53.368 WARN  [restartedMain] [o.s.s.c.a.web.builders.WebSecurity] - You are asking Spring Security to ignore Ant [pattern='/favicon.ico']. This is not recommended -- please use permitAll via HttpSecurity#authorizeHttpRequests instead.
2024-01-09 15:23:53.368 INFO  [restartedMain] [o.s.s.web.DefaultSecurityFilterChain] - Will not secure Ant [pattern='/favicon.ico']
2024-01-09 15:23:53.530 WARN  [restartedMain] [o.s.b.w.s.c.AnnotationConfigServletWebServerApplicationContext] - Exception encountered during context initialization - cancelling refresh attempt: org.springframework.beans.factory.BeanCreationException: Error creating bean with name 'dataSourceScriptDatabaseInitializer' defined in class path resource [org/springframework/boot/autoconfigure/sql/init/DataSourceInitializationConfiguration.class]: Failed to execute SQL script statement #1 of file [/Users/otaehun/Desktop/프로젝트/me/build/resources/main/data.sql]: insert into "user" (username, password, nickname, activated) values ('admin', '$2a$08$lDnHPz7eUkSi6ao14Twuau08mzhWrL4kyZGGU5xfiGALO/Vxd5DOi', 'admin', 1)
2024-01-09 15:23:53.532 INFO  [restartedMain] [o.s.o.j.LocalContainerEntityManagerFactoryBean] - Closing JPA EntityManagerFactory for persistence unit 'default'
2024-01-09 15:23:53.539 WARN  [restartedMain] [o.s.b.f.support.DisposableBeanAdapter] - Invocation of destroy method failed on bean with name 'inMemoryDatabaseShutdownExecutor': org.h2.jdbc.JdbcSQLNonTransientConnectionException: Database is already closed (to disable automatic closing at VM shutdown, add ";DB_CLOSE_ON_EXIT=FALSE" to the db URL) [90121-224]
2024-01-09 15:23:53.539 INFO  [restartedMain] [com.zaxxer.hikari.HikariDataSource] - HikariPool-1 - Shutdown initiated...
2024-01-09 15:23:53.540 INFO  [restartedMain] [com.zaxxer.hikari.HikariDataSource] - HikariPool-1 - Shutdown completed.
2024-01-09 15:23:53.542 INFO  [restartedMain] [o.apache.catalina.core.StandardService] - Stopping service [Tomcat]
2024-01-09 15:23:53.556 INFO  [restartedMain] [o.s.b.a.l.ConditionEvaluationReportLogger] - 

Error starting ApplicationContext. To display the condition evaluation report re-run your application with 'debug' enabled.
2024-01-09 15:23:53.570 ERROR [restartedMain] [o.springframework.boot.SpringApplication] - Application run failed
org.springframework.beans.factory.BeanCreationException: Error creating bean with name 'dataSourceScriptDatabaseInitializer' defined in class path resource [org/springframework/boot/autoconfigure/sql/init/DataSourceInitializationConfiguration.class]: Failed to execute SQL script statement #1 of file [/Users/otaehun/Desktop/프로젝트/me/build/resources/main/data.sql]: insert into "user" (username, password, nickname, activated) values ('admin', '$2a$08$lDnHPz7eUkSi6ao14Twuau08mzhWrL4kyZGGU5xfiGALO/Vxd5DOi', 'admin', 1)
	at org.springframework.beans.factory.support.AbstractAutowireCapableBeanFactory.initializeBean(AbstractAutowireCapableBeanFactory.java:1773)
	at org.springframework.beans.factory.support.AbstractAutowireCapableBeanFactory.doCreateBean(AbstractAutowireCapableBeanFactory.java:599)
	at org.springframework.beans.factory.support.AbstractAutowireCapableBeanFactory.createBean(AbstractAutowireCapableBeanFactory.java:521)
	at org.springframework.beans.factory.support.AbstractBeanFactory.lambda$doGetBean$0(AbstractBeanFactory.java:325)
	at org.springframework.beans.factory.support.DefaultSingletonBeanRegistry.getSingleton(DefaultSingletonBeanRegistry.java:234)
	at org.springframework.beans.factory.support.AbstractBeanFactory.doGetBean(AbstractBeanFactory.java:323)
	at org.springframework.beans.factory.support.AbstractBeanFactory.getBean(AbstractBeanFactory.java:199)
	at org.springframework.beans.factory.support.AbstractBeanFactory.doGetBean(AbstractBeanFactory.java:312)
	at org.springframework.beans.factory.support.AbstractBeanFactory.getBean(AbstractBeanFactory.java:199)
	at org.springframework.beans.factory.support.DefaultListableBeanFactory.preInstantiateSingletons(DefaultListableBeanFactory.java:975)
	at org.springframework.context.support.AbstractApplicationContext.finishBeanFactoryInitialization(AbstractApplicationContext.java:960)
	at org.springframework.context.support.AbstractApplicationContext.refresh(AbstractApplicationContext.java:625)
	at org.springframework.boot.web.servlet.context.ServletWebServerApplicationContext.refresh(ServletWebServerApplicationContext.java:146)
	at org.springframework.boot.SpringApplication.refresh(SpringApplication.java:762)
	at org.springframework.boot.SpringApplication.refreshContext(SpringApplication.java:464)
	at org.springframework.boot.SpringApplication.run(SpringApplication.java:334)
	at org.springframework.boot.SpringApplication.run(SpringApplication.java:1358)
	at org.springframework.boot.SpringApplication.run(SpringApplication.java:1347)
	at me.jwttutorial.MeApplication.main(MeApplication.java:10)
	at java.base/jdk.internal.reflect.NativeMethodAccessorImpl.invoke0(Native Method)
	at java.base/jdk.internal.reflect.NativeMethodAccessorImpl.invoke(NativeMethodAccessorImpl.java:77)
	at java.base/jdk.internal.reflect.DelegatingMethodAccessorImpl.invoke(DelegatingMethodAccessorImpl.java:43)
	at java.base/java.lang.reflect.Method.invoke(Method.java:568)
	at org.springframework.boot.devtools.restart.RestartLauncher.run(RestartLauncher.java:50)
Caused by: org.springframework.jdbc.datasource.init.ScriptStatementFailedException: Failed to execute SQL script statement #1 of file [/Users/otaehun/Desktop/프로젝트/me/build/resources/main/data.sql]: insert into "user" (username, password, nickname, activated) values ('admin', '$2a$08$lDnHPz7eUkSi6ao14Twuau08mzhWrL4kyZGGU5xfiGALO/Vxd5DOi', 'admin', 1)
	at org.springframework.jdbc.datasource.init.ScriptUtils.executeSqlScript(ScriptUtils.java:282)
	at org.springframework.jdbc.datasource.init.ResourceDatabasePopulator.populate(ResourceDatabasePopulator.java:254)
	at org.springframework.jdbc.datasource.init.DatabasePopulatorUtils.execute(DatabasePopulatorUtils.java:54)
	at org.springframework.boot.jdbc.init.DataSourceScriptDatabaseInitializer.runScripts(DataSourceScriptDatabaseInitializer.java:87)
	at org.springframework.boot.sql.init.AbstractScriptDatabaseInitializer.runScripts(AbstractScriptDatabaseInitializer.java:146)
	at org.springframework.boot.sql.init.AbstractScriptDatabaseInitializer.applyScripts(AbstractScriptDatabaseInitializer.java:108)
	at org.springframework.boot.sql.init.AbstractScriptDatabaseInitializer.applyDataScripts(AbstractScriptDatabaseInitializer.java:102)
	at org.springframework.boot.sql.init.AbstractScriptDatabaseInitializer.initializeDatabase(AbstractScriptDatabaseInitializer.java:77)
	at org.springframework.boot.sql.init.AbstractScriptDatabaseInitializer.afterPropertiesSet(AbstractScriptDatabaseInitializer.java:66)
	at org.springframework.beans.factory.support.AbstractAutowireCapableBeanFactory.invokeInitMethods(AbstractAutowireCapableBeanFactory.java:1820)
	at org.springframework.beans.factory.support.AbstractAutowireCapableBeanFactory.initializeBean(AbstractAutowireCapableBeanFactory.java:1769)
	... 23 common frames omitted
Caused by: org.h2.jdbc.JdbcSQLSyntaxErrorException: Table "user" not found; SQL statement:
insert into "user" (username, password, nickname, activated) values ('admin', '$2a$08$lDnHPz7eUkSi6ao14Twuau08mzhWrL4kyZGGU5xfiGALO/Vxd5DOi', 'admin', 1) [42102-224]
	at org.h2.message.DbException.getJdbcSQLException(DbException.java:514)
	at org.h2.message.DbException.getJdbcSQLException(DbException.java:489)
	at org.h2.message.DbException.get(DbException.java:223)
	at org.h2.message.DbException.get(DbException.java:199)
	at org.h2.command.Parser.getTableOrViewNotFoundDbException(Parser.java:8064)
	at org.h2.command.Parser.getTableOrViewNotFoundDbException(Parser.java:8035)
	at org.h2.command.Parser.readTableOrView(Parser.java:8024)
	at org.h2.command.Parser.readTableOrView(Parser.java:7990)
	at org.h2.command.Parser.parseInsert(Parser.java:1540)
	at org.h2.command.Parser.parsePrepared(Parser.java:719)
	at org.h2.command.Parser.parse(Parser.java:592)
	at org.h2.command.Parser.parse(Parser.java:564)
	at org.h2.command.Parser.prepareCommand(Parser.java:483)
	at org.h2.engine.SessionLocal.prepareLocal(SessionLocal.java:639)
	at org.h2.engine.SessionLocal.prepareCommand(SessionLocal.java:559)
	at org.h2.jdbc.JdbcConnection.prepareCommand(JdbcConnection.java:1166)
	at org.h2.jdbc.JdbcStatement.executeInternal(JdbcStatement.java:245)
	at org.h2.jdbc.JdbcStatement.execute(JdbcStatement.java:231)
	at com.zaxxer.hikari.pool.ProxyStatement.execute(ProxyStatement.java:94)
	at com.zaxxer.hikari.pool.HikariProxyStatement.execute(HikariProxyStatement.java)
	at org.springframework.jdbc.datasource.init.ScriptUtils.executeSqlScript(ScriptUtils.java:261)
	... 33 common frames omitted
2024-01-09 15:24:08.375 INFO  [background-preinit] [o.h.validator.internal.util.Version] - HV000001: Hibernate Validator 8.0.1.Final
2024-01-09 15:24:08.409 INFO  [restartedMain] [me.jwttutorial.MeApplication] - Starting MeApplication using Java 17.0.8 with PID 5371 (/Users/otaehun/Desktop/프로젝트/me/build/classes/java/main started by otaehun in /Users/otaehun/Desktop/프로젝트/me)
2024-01-09 15:24:08.410 INFO  [restartedMain] [me.jwttutorial.MeApplication] - No active profile set, falling back to 1 default profile: "default"
2024-01-09 15:24:08.462 INFO  [restartedMain] [o.s.b.d.e.DevToolsPropertyDefaultsPostProcessor] - Devtools property defaults active! Set 'spring.devtools.add-properties' to 'false' to disable
2024-01-09 15:24:08.462 INFO  [restartedMain] [o.s.b.d.e.DevToolsPropertyDefaultsPostProcessor] - For additional web related logging consider setting the 'logging.level.web' property to 'DEBUG'
2024-01-09 15:24:09.273 INFO  [restartedMain] [o.s.d.r.c.RepositoryConfigurationDelegate] - Bootstrapping Spring Data JPA repositories in DEFAULT mode.
2024-01-09 15:24:09.292 INFO  [restartedMain] [o.s.d.r.c.RepositoryConfigurationDelegate] - Finished Spring Data repository scanning in 14 ms. Found 0 JPA repository interfaces.
2024-01-09 15:24:09.845 INFO  [restartedMain] [o.s.b.w.embedded.tomcat.TomcatWebServer] - Tomcat initialized with port 8085 (http)
2024-01-09 15:24:09.852 INFO  [restartedMain] [o.apache.coyote.http11.Http11NioProtocol] - Initializing ProtocolHandler ["http-nio-8085"]
2024-01-09 15:24:09.853 INFO  [restartedMain] [o.apache.catalina.core.StandardService] - Starting service [Tomcat]
2024-01-09 15:24:09.853 INFO  [restartedMain] [org.apache.catalina.core.StandardEngine] - Starting Servlet engine: [Apache Tomcat/10.1.17]
2024-01-09 15:24:09.898 INFO  [restartedMain] [o.a.c.c.C.[Tomcat].[localhost].[/]] - Initializing Spring embedded WebApplicationContext
2024-01-09 15:24:09.899 INFO  [restartedMain] [o.s.b.w.s.c.ServletWebServerApplicationContext] - Root WebApplicationContext: initialization completed in 1437 ms
2024-01-09 15:24:09.931 INFO  [restartedMain] [com.zaxxer.hikari.HikariDataSource] - HikariPool-1 - Starting...
2024-01-09 15:24:10.086 INFO  [restartedMain] [com.zaxxer.hikari.pool.HikariPool] - HikariPool-1 - Added connection conn0: url=jdbc:h2:mem:testdb user=SA
2024-01-09 15:24:10.090 INFO  [restartedMain] [com.zaxxer.hikari.HikariDataSource] - HikariPool-1 - Start completed.
2024-01-09 15:24:10.116 INFO  [restartedMain] [o.s.b.a.h2.H2ConsoleAutoConfiguration] - H2 console available at '/h2-console'. Database available at 'jdbc:h2:mem:testdb'
2024-01-09 15:24:10.261 INFO  [restartedMain] [o.hibernate.jpa.internal.util.LogHelper] - HHH000204: Processing PersistenceUnitInfo [name: default]
2024-01-09 15:24:10.296 INFO  [restartedMain] [org.hibernate.Version] - HHH000412: Hibernate ORM core version 6.4.1.Final
2024-01-09 15:24:10.325 INFO  [restartedMain] [o.h.c.internal.RegionFactoryInitiator] - HHH000026: Second-level cache disabled
2024-01-09 15:24:10.468 INFO  [restartedMain] [o.s.o.j.p.SpringPersistenceUnitInfo] - No LoadTimeWeaver setup: ignoring JPA class transformer
2024-01-09 15:24:10.499 WARN  [restartedMain] [org.hibernate.orm.deprecation] - HHH90000025: H2Dialect does not need to be specified explicitly using 'hibernate.dialect' (remove the property setting and it will be selected by default)
2024-01-09 15:24:11.125 INFO  [restartedMain] [o.h.e.t.j.p.i.JtaPlatformInitiator] - HHH000489: No JTA platform available (set 'hibernate.transaction.jta.platform' to enable JTA platform integration)
2024-01-09 15:24:11.159 INFO  [restartedMain] [o.s.o.j.LocalContainerEntityManagerFactoryBean] - Initialized JPA EntityManagerFactory for persistence unit 'default'
2024-01-09 15:24:11.273 WARN  [restartedMain] [o.s.b.a.o.j.JpaBaseConfiguration$JpaWebConfiguration] - spring.jpa.open-in-view is enabled by default. Therefore, database queries may be performed during view rendering. Explicitly configure spring.jpa.open-in-view to disable this warning
2024-01-09 15:24:11.301 WARN  [restartedMain] [o.s.b.a.s.s.UserDetailsServiceAutoConfiguration] - 

Using generated security password: 6fe59074-3ced-428f-b594-b9334d80b5f0

This generated password is for development use only. Your security configuration must be updated before running your application in production.

2024-01-09 15:24:11.535 INFO  [restartedMain] [o.s.s.web.DefaultSecurityFilterChain] - Will secure any request with [org.springframework.security.web.session.DisableEncodeUrlFilter@7ffdb8bb, org.springframework.security.web.context.request.async.WebAsyncManagerIntegrationFilter@7d03d179, org.springframework.security.web.context.SecurityContextHolderFilter@67e7253b, org.springframework.security.web.header.HeaderWriterFilter@1e3453ba, org.springframework.web.filter.CorsFilter@46b9c20a, org.springframework.security.web.csrf.CsrfFilter@436c03a1, org.springframework.security.web.authentication.logout.LogoutFilter@3bf74526, org.springframework.security.web.savedrequest.RequestCacheAwareFilter@597ca3e8, org.springframework.security.web.servletapi.SecurityContextHolderAwareRequestFilter@35bfe75f, org.springframework.security.web.authentication.AnonymousAuthenticationFilter@5e7a8fd6, org.springframework.security.web.access.ExceptionTranslationFilter@20d7a283, org.springframework.security.web.access.intercept.AuthorizationFilter@4b6932b7]
2024-01-09 15:24:11.546 WARN  [restartedMain] [o.s.s.c.a.web.builders.WebSecurity] - You are asking Spring Security to ignore Ant [pattern='/h2-console/**']. This is not recommended -- please use permitAll via HttpSecurity#authorizeHttpRequests instead.
2024-01-09 15:24:11.547 INFO  [restartedMain] [o.s.s.web.DefaultSecurityFilterChain] - Will not secure Ant [pattern='/h2-console/**']
2024-01-09 15:24:11.547 WARN  [restartedMain] [o.s.s.c.a.web.builders.WebSecurity] - You are asking Spring Security to ignore Ant [pattern='/favicon.ico']. This is not recommended -- please use permitAll via HttpSecurity#authorizeHttpRequests instead.
2024-01-09 15:24:11.547 INFO  [restartedMain] [o.s.s.web.DefaultSecurityFilterChain] - Will not secure Ant [pattern='/favicon.ico']
2024-01-09 15:24:11.718 WARN  [restartedMain] [o.s.b.w.s.c.AnnotationConfigServletWebServerApplicationContext] - Exception encountered during context initialization - cancelling refresh attempt: org.springframework.beans.factory.BeanCreationException: Error creating bean with name 'dataSourceScriptDatabaseInitializer' defined in class path resource [org/springframework/boot/autoconfigure/sql/init/DataSourceInitializationConfiguration.class]: Failed to execute SQL script statement #1 of file [/Users/otaehun/Desktop/프로젝트/me/build/resources/main/data.sql]: insert into "users" (username, password, nickname, activated) values ('admin', '$2a$08$lDnHPz7eUkSi6ao14Twuau08mzhWrL4kyZGGU5xfiGALO/Vxd5DOi', 'admin', 1)
2024-01-09 15:24:11.721 INFO  [restartedMain] [o.s.o.j.LocalContainerEntityManagerFactoryBean] - Closing JPA EntityManagerFactory for persistence unit 'default'
2024-01-09 15:24:11.729 WARN  [restartedMain] [o.s.b.f.support.DisposableBeanAdapter] - Invocation of destroy method failed on bean with name 'inMemoryDatabaseShutdownExecutor': org.h2.jdbc.JdbcSQLNonTransientConnectionException: Database is already closed (to disable automatic closing at VM shutdown, add ";DB_CLOSE_ON_EXIT=FALSE" to the db URL) [90121-224]
2024-01-09 15:24:11.729 INFO  [restartedMain] [com.zaxxer.hikari.HikariDataSource] - HikariPool-1 - Shutdown initiated...
2024-01-09 15:24:11.730 INFO  [restartedMain] [com.zaxxer.hikari.HikariDataSource] - HikariPool-1 - Shutdown completed.
2024-01-09 15:24:11.731 INFO  [restartedMain] [o.apache.catalina.core.StandardService] - Stopping service [Tomcat]
2024-01-09 15:24:11.747 INFO  [restartedMain] [o.s.b.a.l.ConditionEvaluationReportLogger] - 

Error starting ApplicationContext. To display the condition evaluation report re-run your application with 'debug' enabled.
2024-01-09 15:24:11.761 ERROR [restartedMain] [o.springframework.boot.SpringApplication] - Application run failed
org.springframework.beans.factory.BeanCreationException: Error creating bean with name 'dataSourceScriptDatabaseInitializer' defined in class path resource [org/springframework/boot/autoconfigure/sql/init/DataSourceInitializationConfiguration.class]: Failed to execute SQL script statement #1 of file [/Users/otaehun/Desktop/프로젝트/me/build/resources/main/data.sql]: insert into "users" (username, password, nickname, activated) values ('admin', '$2a$08$lDnHPz7eUkSi6ao14Twuau08mzhWrL4kyZGGU5xfiGALO/Vxd5DOi', 'admin', 1)
	at org.springframework.beans.factory.support.AbstractAutowireCapableBeanFactory.initializeBean(AbstractAutowireCapableBeanFactory.java:1773)
	at org.springframework.beans.factory.support.AbstractAutowireCapableBeanFactory.doCreateBean(AbstractAutowireCapableBeanFactory.java:599)
	at org.springframework.beans.factory.support.AbstractAutowireCapableBeanFactory.createBean(AbstractAutowireCapableBeanFactory.java:521)
	at org.springframework.beans.factory.support.AbstractBeanFactory.lambda$doGetBean$0(AbstractBeanFactory.java:325)
	at org.springframework.beans.factory.support.DefaultSingletonBeanRegistry.getSingleton(DefaultSingletonBeanRegistry.java:234)
	at org.springframework.beans.factory.support.AbstractBeanFactory.doGetBean(AbstractBeanFactory.java:323)
	at org.springframework.beans.factory.support.AbstractBeanFactory.getBean(AbstractBeanFactory.java:199)
	at org.springframework.beans.factory.support.AbstractBeanFactory.doGetBean(AbstractBeanFactory.java:312)
	at org.springframework.beans.factory.support.AbstractBeanFactory.getBean(AbstractBeanFactory.java:199)
	at org.springframework.beans.factory.support.DefaultListableBeanFactory.preInstantiateSingletons(DefaultListableBeanFactory.java:975)
	at org.springframework.context.support.AbstractApplicationContext.finishBeanFactoryInitialization(AbstractApplicationContext.java:960)
	at org.springframework.context.support.AbstractApplicationContext.refresh(AbstractApplicationContext.java:625)
	at org.springframework.boot.web.servlet.context.ServletWebServerApplicationContext.refresh(ServletWebServerApplicationContext.java:146)
	at org.springframework.boot.SpringApplication.refresh(SpringApplication.java:762)
	at org.springframework.boot.SpringApplication.refreshContext(SpringApplication.java:464)
	at org.springframework.boot.SpringApplication.run(SpringApplication.java:334)
	at org.springframework.boot.SpringApplication.run(SpringApplication.java:1358)
	at org.springframework.boot.SpringApplication.run(SpringApplication.java:1347)
	at me.jwttutorial.MeApplication.main(MeApplication.java:10)
	at java.base/jdk.internal.reflect.NativeMethodAccessorImpl.invoke0(Native Method)
	at java.base/jdk.internal.reflect.NativeMethodAccessorImpl.invoke(NativeMethodAccessorImpl.java:77)
	at java.base/jdk.internal.reflect.DelegatingMethodAccessorImpl.invoke(DelegatingMethodAccessorImpl.java:43)
	at java.base/java.lang.reflect.Method.invoke(Method.java:568)
	at org.springframework.boot.devtools.restart.RestartLauncher.run(RestartLauncher.java:50)
Caused by: org.springframework.jdbc.datasource.init.ScriptStatementFailedException: Failed to execute SQL script statement #1 of file [/Users/otaehun/Desktop/프로젝트/me/build/resources/main/data.sql]: insert into "users" (username, password, nickname, activated) values ('admin', '$2a$08$lDnHPz7eUkSi6ao14Twuau08mzhWrL4kyZGGU5xfiGALO/Vxd5DOi', 'admin', 1)
	at org.springframework.jdbc.datasource.init.ScriptUtils.executeSqlScript(ScriptUtils.java:282)
	at org.springframework.jdbc.datasource.init.ResourceDatabasePopulator.populate(ResourceDatabasePopulator.java:254)
	at org.springframework.jdbc.datasource.init.DatabasePopulatorUtils.execute(DatabasePopulatorUtils.java:54)
	at org.springframework.boot.jdbc.init.DataSourceScriptDatabaseInitializer.runScripts(DataSourceScriptDatabaseInitializer.java:87)
	at org.springframework.boot.sql.init.AbstractScriptDatabaseInitializer.runScripts(AbstractScriptDatabaseInitializer.java:146)
	at org.springframework.boot.sql.init.AbstractScriptDatabaseInitializer.applyScripts(AbstractScriptDatabaseInitializer.java:108)
	at org.springframework.boot.sql.init.AbstractScriptDatabaseInitializer.applyDataScripts(AbstractScriptDatabaseInitializer.java:102)
	at org.springframework.boot.sql.init.AbstractScriptDatabaseInitializer.initializeDatabase(AbstractScriptDatabaseInitializer.java:77)
	at org.springframework.boot.sql.init.AbstractScriptDatabaseInitializer.afterPropertiesSet(AbstractScriptDatabaseInitializer.java:66)
	at org.springframework.beans.factory.support.AbstractAutowireCapableBeanFactory.invokeInitMethods(AbstractAutowireCapableBeanFactory.java:1820)
	at org.springframework.beans.factory.support.AbstractAutowireCapableBeanFactory.initializeBean(AbstractAutowireCapableBeanFactory.java:1769)
	... 23 common frames omitted
Caused by: org.h2.jdbc.JdbcSQLSyntaxErrorException: Table "users" not found (candidates are: "USERS"); SQL statement:
insert into "users" (username, password, nickname, activated) values ('admin', '$2a$08$lDnHPz7eUkSi6ao14Twuau08mzhWrL4kyZGGU5xfiGALO/Vxd5DOi', 'admin', 1) [42103-224]
	at org.h2.message.DbException.getJdbcSQLException(DbException.java:514)
	at org.h2.message.DbException.getJdbcSQLException(DbException.java:489)
	at org.h2.message.DbException.get(DbException.java:223)
	at org.h2.command.Parser.getTableOrViewNotFoundDbException(Parser.java:8067)
	at org.h2.command.Parser.getTableOrViewNotFoundDbException(Parser.java:8035)
	at org.h2.command.Parser.readTableOrView(Parser.java:8024)
	at org.h2.command.Parser.readTableOrView(Parser.java:7990)
	at org.h2.command.Parser.parseInsert(Parser.java:1540)
	at org.h2.command.Parser.parsePrepared(Parser.java:719)
	at org.h2.command.Parser.parse(Parser.java:592)
	at org.h2.command.Parser.parse(Parser.java:564)
	at org.h2.command.Parser.prepareCommand(Parser.java:483)
	at org.h2.engine.SessionLocal.prepareLocal(SessionLocal.java:639)
	at org.h2.engine.SessionLocal.prepareCommand(SessionLocal.java:559)
	at org.h2.jdbc.JdbcConnection.prepareCommand(JdbcConnection.java:1166)
	at org.h2.jdbc.JdbcStatement.executeInternal(JdbcStatement.java:245)
	at org.h2.jdbc.JdbcStatement.execute(JdbcStatement.java:231)
	at com.zaxxer.hikari.pool.ProxyStatement.execute(ProxyStatement.java:94)
	at com.zaxxer.hikari.pool.HikariProxyStatement.execute(HikariProxyStatement.java)
	at org.springframework.jdbc.datasource.init.ScriptUtils.executeSqlScript(ScriptUtils.java:261)
	... 33 common frames omitted
2024-01-09 15:24:42.740 INFO  [background-preinit] [o.h.validator.internal.util.Version] - HV000001: Hibernate Validator 8.0.1.Final
2024-01-09 15:24:42.774 INFO  [restartedMain] [me.jwttutorial.MeApplication] - Starting MeApplication using Java 17.0.8 with PID 5394 (/Users/otaehun/Desktop/프로젝트/me/build/classes/java/main started by otaehun in /Users/otaehun/Desktop/프로젝트/me)
2024-01-09 15:24:42.775 INFO  [restartedMain] [me.jwttutorial.MeApplication] - No active profile set, falling back to 1 default profile: "default"
2024-01-09 15:24:42.828 INFO  [restartedMain] [o.s.b.d.e.DevToolsPropertyDefaultsPostProcessor] - Devtools property defaults active! Set 'spring.devtools.add-properties' to 'false' to disable
2024-01-09 15:24:42.829 INFO  [restartedMain] [o.s.b.d.e.DevToolsPropertyDefaultsPostProcessor] - For additional web related logging consider setting the 'logging.level.web' property to 'DEBUG'
2024-01-09 15:24:43.646 INFO  [restartedMain] [o.s.d.r.c.RepositoryConfigurationDelegate] - Bootstrapping Spring Data JPA repositories in DEFAULT mode.
2024-01-09 15:24:43.666 INFO  [restartedMain] [o.s.d.r.c.RepositoryConfigurationDelegate] - Finished Spring Data repository scanning in 15 ms. Found 0 JPA repository interfaces.
2024-01-09 15:24:44.209 INFO  [restartedMain] [o.s.b.w.embedded.tomcat.TomcatWebServer] - Tomcat initialized with port 8085 (http)
2024-01-09 15:24:44.216 INFO  [restartedMain] [o.apache.coyote.http11.Http11NioProtocol] - Initializing ProtocolHandler ["http-nio-8085"]
2024-01-09 15:24:44.217 INFO  [restartedMain] [o.apache.catalina.core.StandardService] - Starting service [Tomcat]
2024-01-09 15:24:44.218 INFO  [restartedMain] [org.apache.catalina.core.StandardEngine] - Starting Servlet engine: [Apache Tomcat/10.1.17]
2024-01-09 15:24:44.255 INFO  [restartedMain] [o.a.c.c.C.[Tomcat].[localhost].[/]] - Initializing Spring embedded WebApplicationContext
2024-01-09 15:24:44.256 INFO  [restartedMain] [o.s.b.w.s.c.ServletWebServerApplicationContext] - Root WebApplicationContext: initialization completed in 1426 ms
2024-01-09 15:24:44.289 INFO  [restartedMain] [com.zaxxer.hikari.HikariDataSource] - HikariPool-1 - Starting...
2024-01-09 15:24:44.444 INFO  [restartedMain] [com.zaxxer.hikari.pool.HikariPool] - HikariPool-1 - Added connection conn0: url=jdbc:h2:mem:testdb user=SA
2024-01-09 15:24:44.449 INFO  [restartedMain] [com.zaxxer.hikari.HikariDataSource] - HikariPool-1 - Start completed.
2024-01-09 15:24:44.476 INFO  [restartedMain] [o.s.b.a.h2.H2ConsoleAutoConfiguration] - H2 console available at '/h2-console'. Database available at 'jdbc:h2:mem:testdb'
2024-01-09 15:24:44.622 INFO  [restartedMain] [o.hibernate.jpa.internal.util.LogHelper] - HHH000204: Processing PersistenceUnitInfo [name: default]
2024-01-09 15:24:44.661 INFO  [restartedMain] [org.hibernate.Version] - HHH000412: Hibernate ORM core version 6.4.1.Final
2024-01-09 15:24:44.686 INFO  [restartedMain] [o.h.c.internal.RegionFactoryInitiator] - HHH000026: Second-level cache disabled
2024-01-09 15:24:44.837 INFO  [restartedMain] [o.s.o.j.p.SpringPersistenceUnitInfo] - No LoadTimeWeaver setup: ignoring JPA class transformer
2024-01-09 15:24:44.869 WARN  [restartedMain] [org.hibernate.orm.deprecation] - HHH90000025: H2Dialect does not need to be specified explicitly using 'hibernate.dialect' (remove the property setting and it will be selected by default)
2024-01-09 15:24:45.479 INFO  [restartedMain] [o.h.e.t.j.p.i.JtaPlatformInitiator] - HHH000489: No JTA platform available (set 'hibernate.transaction.jta.platform' to enable JTA platform integration)
2024-01-09 15:24:45.514 INFO  [restartedMain] [o.s.o.j.LocalContainerEntityManagerFactoryBean] - Initialized JPA EntityManagerFactory for persistence unit 'default'
2024-01-09 15:24:45.567 WARN  [restartedMain] [o.s.b.a.o.j.JpaBaseConfiguration$JpaWebConfiguration] - spring.jpa.open-in-view is enabled by default. Therefore, database queries may be performed during view rendering. Explicitly configure spring.jpa.open-in-view to disable this warning
2024-01-09 15:24:45.627 WARN  [restartedMain] [o.s.b.a.s.s.UserDetailsServiceAutoConfiguration] - 

Using generated security password: 24bf21ec-4600-46b5-97bd-b043d1269907

This generated password is for development use only. Your security configuration must be updated before running your application in production.

2024-01-09 15:24:45.871 INFO  [restartedMain] [o.s.s.web.DefaultSecurityFilterChain] - Will secure any request with [org.springframework.security.web.session.DisableEncodeUrlFilter@5d3d863c, org.springframework.security.web.context.request.async.WebAsyncManagerIntegrationFilter@1146334d, org.springframework.security.web.context.SecurityContextHolderFilter@22823cf8, org.springframework.security.web.header.HeaderWriterFilter@4e5cdfa, org.springframework.web.filter.CorsFilter@4e78f610, org.springframework.security.web.csrf.CsrfFilter@67e7253b, org.springframework.security.web.authentication.logout.LogoutFilter@12073820, org.springframework.security.web.savedrequest.RequestCacheAwareFilter@4913a95c, org.springframework.security.web.servletapi.SecurityContextHolderAwareRequestFilter@a07b3d8, org.springframework.security.web.authentication.AnonymousAuthenticationFilter@7e827e11, org.springframework.security.web.access.ExceptionTranslationFilter@5f20980b, org.springframework.security.web.access.intercept.AuthorizationFilter@339f1df]
2024-01-09 15:24:45.881 WARN  [restartedMain] [o.s.s.c.a.web.builders.WebSecurity] - You are asking Spring Security to ignore Ant [pattern='/h2-console/**']. This is not recommended -- please use permitAll via HttpSecurity#authorizeHttpRequests instead.
2024-01-09 15:24:45.881 INFO  [restartedMain] [o.s.s.web.DefaultSecurityFilterChain] - Will not secure Ant [pattern='/h2-console/**']
2024-01-09 15:24:45.882 WARN  [restartedMain] [o.s.s.c.a.web.builders.WebSecurity] - You are asking Spring Security to ignore Ant [pattern='/favicon.ico']. This is not recommended -- please use permitAll via HttpSecurity#authorizeHttpRequests instead.
2024-01-09 15:24:45.882 INFO  [restartedMain] [o.s.s.web.DefaultSecurityFilterChain] - Will not secure Ant [pattern='/favicon.ico']
2024-01-09 15:24:46.114 INFO  [restartedMain] [o.s.b.d.a.OptionalLiveReloadServer] - LiveReload server is running on port 35729
2024-01-09 15:24:46.136 INFO  [restartedMain] [o.apache.coyote.http11.Http11NioProtocol] - Starting ProtocolHandler ["http-nio-8085"]
2024-01-09 15:24:46.151 INFO  [restartedMain] [o.s.b.w.embedded.tomcat.TomcatWebServer] - Tomcat started on port 8085 (http) with context path ''
2024-01-09 15:24:46.165 INFO  [restartedMain] [me.jwttutorial.MeApplication] - Started MeApplication in 3.79 seconds (process running for 4.764)
2024-01-09 15:24:51.557 INFO  [http-nio-8085-exec-5] [o.a.c.c.C.[Tomcat].[localhost].[/]] - Initializing Spring DispatcherServlet 'dispatcherServlet'
2024-01-09 15:24:51.558 INFO  [http-nio-8085-exec-5] [o.s.web.servlet.DispatcherServlet] - Initializing Servlet 'dispatcherServlet'
2024-01-09 15:24:51.564 INFO  [http-nio-8085-exec-5] [o.s.web.servlet.DispatcherServlet] - Completed initialization in 6 ms
2024-01-09 15:29:01.433 INFO  [File Watcher] [o.s.b.d.a.LocalDevToolsAutoConfiguration$RestartingClassPathChangeChangedEventListener] - Restarting due to 10 class path changes (0 additions, 10 deletions, 0 modifications)
2024-01-09 15:29:01.453 INFO  [Thread-5] [o.apache.coyote.http11.Http11NioProtocol] - Stopping ProtocolHandler ["http-nio-8085"]
2024-01-09 15:29:01.481 INFO  [Thread-5] [o.s.o.j.LocalContainerEntityManagerFactoryBean] - Closing JPA EntityManagerFactory for persistence unit 'default'
2024-01-09 15:29:01.495 WARN  [Thread-5] [o.s.b.f.support.DisposableBeanAdapter] - Invocation of destroy method failed on bean with name 'inMemoryDatabaseShutdownExecutor': org.h2.jdbc.JdbcSQLNonTransientConnectionException: Database is already closed (to disable automatic closing at VM shutdown, add ";DB_CLOSE_ON_EXIT=FALSE" to the db URL) [90121-224]
2024-01-09 15:29:01.496 INFO  [Thread-5] [com.zaxxer.hikari.HikariDataSource] - HikariPool-1 - Shutdown initiated...
2024-01-09 15:29:01.500 INFO  [Thread-5] [com.zaxxer.hikari.HikariDataSource] - HikariPool-1 - Shutdown completed.
